# JRE version: OpenJDK Runtime Environment (8.0_242-b01) (build 1.8.0_242-release-1644-b01)
# Java VM: OpenJDK 64-Bit Server VM (25.242-b01 mixed mode windows-amd64 compressed oops)
Heap:
 PSYoungGen      total 487936K, used 50837K [0x00000000d5580000, 0x0000000100000000, 0x0000000100000000)
  eden space 416768K, 10% used [0x00000000d5580000,0x00000000d81ab228,0x00000000eec80000)
  from space 71168K, 7% used [0x00000000f6100000,0x00000000f667a420,0x00000000fa680000)
  to   space 119296K, 0% used [0x00000000eec80000,0x00000000eec80000,0x00000000f6100000)
 ParOldGen       total 225792K, used 225676K [0x0000000080000000, 0x000000008dc80000, 0x00000000d5580000)
  object space 225792K, 99% used [0x0000000080000000,0x000000008dc632a0,0x000000008dc80000)
 Metaspace       used 109004K, capacity 114320K, committed 117400K, reserved 1150976K
  class space    used 14090K, capacity 15145K, committed 16032K, reserved 1048576K
GC Heap History (10 events):
Event: 98.816 GC heap before
{Heap before GC invocations=25 (full 4):
 PSYoungGen      total 369664K, used 354286K [0x00000000d5580000, 0x00000000efb80000, 0x0000000100000000)
  eden space 318976K, 100% used [0x00000000d5580000,0x00000000e8d00000,0x00000000e8d00000)
  from space 50688K, 69% used [0x00000000ec100000,0x00000000ee37b890,0x00000000ef280000)
  to   space 53248K, 0% used [0x00000000e8d00000,0x00000000e8d00000,0x00000000ec100000)
 ParOldGen       total 225792K, used 86844K [0x0000000080000000, 0x000000008dc80000, 0x00000000d5580000)
  object space 225792K, 38% used [0x0000000080000000,0x00000000854cf0c8,0x000000008dc80000)
 Metaspace       used 96451K, capacity 100510K, committed 101528K, reserved 1136640K
  class space    used 12444K, capacity 13232K, committed 13472K, reserved 1048576K
Event: 98.889 GC heap after
Heap after GC invocations=25 (full 4):
 PSYoungGen      total 372224K, used 52593K [0x00000000d5580000, 0x00000000f4480000, 0x0000000100000000)
  eden space 318976K, 0% used [0x00000000d5580000,0x00000000d5580000,0x00000000e8d00000)
  from space 53248K, 98% used [0x00000000e8d00000,0x00000000ec05c550,0x00000000ec100000)
  to   space 61440K, 0% used [0x00000000f0880000,0x00000000f0880000,0x00000000f4480000)
 ParOldGen       total 225792K, used 86852K [0x0000000080000000, 0x000000008dc80000, 0x00000000d5580000)
  object space 225792K, 38% used [0x0000000080000000,0x00000000854d10c8,0x000000008dc80000)
 Metaspace       used 96451K, capacity 100510K, committed 101528K, reserved 1136640K
  class space    used 12444K, capacity 13232K, committed 13472K, reserved 1048576K
}
Event: 103.077 GC heap before
{Heap before GC invocations=26 (full 4):
 PSYoungGen      total 372224K, used 371354K [0x00000000d5580000, 0x00000000f4480000, 0x0000000100000000)
  eden space 318976K, 99% used [0x00000000d5580000,0x00000000e8cca2d8,0x00000000e8d00000)
  from space 53248K, 98% used [0x00000000e8d00000,0x00000000ec05c550,0x00000000ec100000)
  to   space 61440K, 0% used [0x00000000f0880000,0x00000000f0880000,0x00000000f4480000)
 ParOldGen       total 225792K, used 86852K [0x0000000080000000, 0x000000008dc80000, 0x00000000d5580000)
  object space 225792K, 38% used [0x0000000080000000,0x00000000854d10c8,0x000000008dc80000)
 Metaspace       used 106693K, capacity 112766K, committed 113048K, reserved 1146880K
  class space    used 14149K, capacity 15422K, committed 15520K, reserved 1048576K
Event: 103.646 GC heap after
Heap after GC invocations=26 (full 4):
 PSYoungGen      total 439296K, used 51968K [0x00000000d5580000, 0x00000000f6100000, 0x0000000100000000)
  eden space 377856K, 0% used [0x00000000d5580000,0x00000000d5580000,0x00000000ec680000)
  from space 61440K, 84% used [0x00000000f0880000,0x00000000f3b400a0,0x00000000f4480000)
  to   space 67584K, 0% used [0x00000000ec680000,0x00000000ec680000,0x00000000f0880000)
 ParOldGen       total 225792K, used 86868K [0x0000000080000000, 0x000000008dc80000, 0x00000000d5580000)
  object space 225792K, 38% used [0x0000000080000000,0x00000000854d50c8,0x000000008dc80000)
 Metaspace       used 106693K, capacity 112766K, committed 113048K, reserved 1146880K
  class space    used 14149K, capacity 15422K, committed 15520K, reserved 1048576K
}
Event: 234.531 GC heap before
{Heap before GC invocations=27 (full 4):
 PSYoungGen      total 439296K, used 429824K [0x00000000d5580000, 0x00000000f6100000, 0x0000000100000000)
  eden space 377856K, 100% used [0x00000000d5580000,0x00000000ec680000,0x00000000ec680000)
  from space 61440K, 84% used [0x00000000f0880000,0x00000000f3b400a0,0x00000000f4480000)
  to   space 67584K, 0% used [0x00000000ec680000,0x00000000ec680000,0x00000000f0880000)
 ParOldGen       total 225792K, used 86868K [0x0000000080000000, 0x000000008dc80000, 0x00000000d5580000)
  object space 225792K, 38% used [0x0000000080000000,0x00000000854d50c8,0x000000008dc80000)
 Metaspace       used 110156K, capacity 116830K, committed 117144K, reserved 1150976K
  class space    used 14525K, capacity 15934K, committed 16032K, reserved 1048576K
Event: 234.576 GC heap after
Heap after GC invocations=27 (full 4):
 PSYoungGen      total 445440K, used 48526K [0x00000000d5580000, 0x00000000fa680000, 0x0000000100000000)
  eden space 377856K, 0% used [0x00000000d5580000,0x00000000d5580000,0x00000000ec680000)
  from space 67584K, 71% used [0x00000000ec680000,0x00000000ef5e3870,0x00000000f0880000)
  to   space 71168K, 0% used [0x00000000f6100000,0x00000000f6100000,0x00000000fa680000)
 ParOldGen       total 225792K, used 86876K [0x0000000080000000, 0x000000008dc80000, 0x00000000d5580000)
  object space 225792K, 38% used [0x0000000080000000,0x00000000854d70c8,0x000000008dc80000)
 Metaspace       used 110156K, capacity 116830K, committed 117144K, reserved 1150976K
  class space    used 14525K, capacity 15934K, committed 16032K, reserved 1048576K
}
Event: 237.143 GC heap before
{Heap before GC invocations=28 (full 4):
 PSYoungGen      total 445440K, used 426382K [0x00000000d5580000, 0x00000000fa680000, 0x0000000100000000)
  eden space 377856K, 100% used [0x00000000d5580000,0x00000000ec680000,0x00000000ec680000)
  from space 67584K, 71% used [0x00000000ec680000,0x00000000ef5e3870,0x00000000f0880000)
  to   space 71168K, 0% used [0x00000000f6100000,0x00000000f6100000,0x00000000fa680000)
 ParOldGen       total 225792K, used 86876K [0x0000000080000000, 0x000000008dc80000, 0x00000000d5580000)
  object space 225792K, 38% used [0x0000000080000000,0x00000000854d70c8,0x000000008dc80000)
 Metaspace       used 110377K, capacity 117072K, committed 117400K, reserved 1150976K
  class space    used 14530K, capacity 15939K, committed 16032K, reserved 1048576K
Event: 237.288 GC heap after
Heap after GC invocations=28 (full 4):
 PSYoungGen      total 487936K, used 71161K [0x00000000d5580000, 0x0000000100000000, 0x0000000100000000)
  eden space 416768K, 0% used [0x00000000d5580000,0x00000000d5580000,0x00000000eec80000)
  from space 71168K, 99% used [0x00000000f6100000,0x00000000fa67e658,0x00000000fa680000)
  to   space 119296K, 0% used [0x00000000eec80000,0x00000000eec80000,0x00000000f6100000)
 ParOldGen       total 225792K, used 187728K [0x0000000080000000, 0x000000008dc80000, 0x00000000d5580000)
  object space 225792K, 83% used [0x0000000080000000,0x000000008b7543e8,0x000000008dc80000)
 Metaspace       used 110377K, capacity 117072K, committed 117400K, reserved 1150976K
  class space    used 14530K, capacity 15939K, committed 16032K, reserved 1048576K
}
Event: 237.288 GC heap before
{Heap before GC invocations=29 (full 5):
 PSYoungGen      total 487936K, used 71161K [0x00000000d5580000, 0x0000000100000000, 0x0000000100000000)
  eden space 416768K, 0% used [0x00000000d5580000,0x00000000d5580000,0x00000000eec80000)
  from space 71168K, 99% used [0x00000000f6100000,0x00000000fa67e658,0x00000000fa680000)
  to   space 119296K, 0% used [0x00000000eec80000,0x00000000eec80000,0x00000000f6100000)
 ParOldGen       total 225792K, used 187728K [0x0000000080000000, 0x000000008dc80000, 0x00000000d5580000)
  object space 225792K, 83% used [0x0000000080000000,0x000000008b7543e8,0x000000008dc80000)
 Metaspace       used 110377K, capacity 117072K, committed 117400K, reserved 1150976K
  class space    used 14530K, capacity 15939K, committed 16032K, reserved 1048576K
Event: 238.875 GC heap after
Heap after GC invocations=29 (full 5):
 PSYoungGen      total 487936K, used 5609K [0x00000000d5580000, 0x0000000100000000, 0x0000000100000000)
  eden space 416768K, 0% used [0x00000000d5580000,0x00000000d5580000,0x00000000eec80000)
  from space 71168K, 7% used [0x00000000f6100000,0x00000000f667a420,0x00000000fa680000)
  to   space 119296K, 0% used [0x00000000eec80000,0x00000000eec80000,0x00000000f6100000)
 ParOldGen       total 225792K, used 225676K [0x0000000080000000, 0x000000008dc80000, 0x00000000d5580000)
  object space 225792K, 99% used [0x0000000080000000,0x000000008dc632a0,0x000000008dc80000)
 Metaspace       used 108993K, capacity 114320K, committed 117400K, reserved 1150976K
  class space    used 14090K, capacity 15145K, committed 16032K, reserved 1048576K
}

